<?xml version="1.0" encoding="UTF-8"?>
<!-- Generated by org.testng.reporters.JUnitReportReporter -->
<testsuite hostname="BP4-W-077" name="com.bp4.auto.GoogleTest" tests="1" failures="0" timestamp="5 Apr 2019 15:45:50 GMT" time="46.963" errors="0">
  <testcase name="pruebaUno" time="46.963" classname="com.bp4.auto.GoogleTest"/>
</testsuite> <!-- com.bp4.auto.GoogleTest -->
